2023-04-16 10:54:35.938 [DEBU] {77ad9c8aba4a561746fdc279a6b2ba85} [  5 ms] [default] [shop] [rows:15 ] SHOW FULL COLUMNS FROM `order_info`
2023-04-16 10:54:35.940 [DEBU] {77ad9c8aba4a561746fdc279a6b2ba85} [  2 ms] [default] [shop] [rows:1  ] SELECT COUNT(1) FROM `order_info` WHERE `user_id`=5
2023-04-16 10:54:35.941 [DEBU] {77ad9c8aba4a561746fdc279a6b2ba85} [  1 ms] [default] [shop] [rows:2  ] SELECT `id`,`number`,`user_id`,`pay_type`,`remark`,`pay_at`,`status`,`consignee_name`,`consignee_phone`,`consignee_address`,`price`,`coupon_price`,`actual_price`,`created_at`,`updated_at` FROM `order_info` WHERE `user_id`=5 LIMIT 0,10
2023-04-16 10:56:26.260 [DEBU] {068b2d3bd44a561747fdc279b535eba7} [  4 ms] [default] [shop] [rows:1  ] SELECT `id`,`number`,`user_id`,`pay_type`,`remark`,`pay_at`,`status`,`consignee_name`,`consignee_phone`,`consignee_address`,`price`,`coupon_price`,`actual_price`,`created_at`,`updated_at` FROM `order_info` WHERE `id`=17 LIMIT 1
2023-04-16 10:56:26.263 [DEBU] {068b2d3bd44a561747fdc279b535eba7} [  3 ms] [default] [shop] [rows:11 ] SHOW FULL COLUMNS FROM `order_goods_info`
2023-04-16 10:56:26.266 [DEBU] {068b2d3bd44a561747fdc279b535eba7} [  2 ms] [default] [shop] [rows:0  ] SELECT `id`,`order_id`,`goods_id`,`goods_options_id`,`count`,`remark`,`price`,`coupon_price`,`actual_price`,`created_at`,`updated_at` FROM `order_goods_info` WHERE `order_id`='17'
2023-04-16 12:00:34.086 [DEBU] {793ed51e544e5617e8461137977a909c} [ 14 ms] [default] [shop] [rows:11 ] SHOW FULL COLUMNS FROM `article_info`
2023-04-16 12:00:34.088 [DEBU] {793ed51e544e5617e8461137977a909c} [  2 ms] [default] [shop] [rows:1  ] SELECT COUNT(1) FROM `article_info` WHERE `deleted_at` IS NULL
2023-04-16 12:00:34.089 [DEBU] {793ed51e544e5617e8461137977a909c} [  0 ms] [default] [shop] [rows:9  ] SELECT `id`,`user_id`,`title`,`desc`,`pic_url`,`is_admin`,`praise`,`detail`,`created_at`,`updated_at`,`deleted_at` FROM `article_info` WHERE `deleted_at` IS NULL LIMIT 0,10
2023-04-16 12:02:21.343 [DEBU] {cfcfd9176d4e5617129d361570e4a906} [ 14 ms] [default] [shop] [rows:11 ] SHOW FULL COLUMNS FROM `article_info`
2023-04-16 12:02:21.344 [DEBU] {cfcfd9176d4e5617129d361570e4a906} [  1 ms] [default] [shop] [rows:1  ] SELECT COUNT(1) FROM `article_info` WHERE `deleted_at` IS NULL
2023-04-16 12:02:21.344 [DEBU] {cfcfd9176d4e5617129d361570e4a906} [  0 ms] [default] [shop] [rows:9  ] SELECT `id`,`user_id`,`title`,`desc`,`pic_url`,`is_admin`,`praise`,`detail`,`created_at`,`updated_at`,`deleted_at` FROM `article_info` WHERE `deleted_at` IS NULL LIMIT 0,10
2023-04-16 12:02:35.090 [DEBU] {4a8e564b704e56175795d705ca70daef} [ 12 ms] [default] [shop] [rows:11 ] SHOW FULL COLUMNS FROM `article_info`
2023-04-16 12:02:35.091 [DEBU] {4a8e564b704e56175795d705ca70daef} [  1 ms] [default] [shop] [rows:1  ] SELECT COUNT(1) FROM `article_info` WHERE `deleted_at` IS NULL
2023-04-16 12:02:35.092 [DEBU] {4a8e564b704e56175795d705ca70daef} [  1 ms] [default] [shop] [rows:9  ] SELECT `id`,`user_id`,`title`,`desc`,`pic_url`,`is_admin`,`praise`,`detail`,`created_at`,`updated_at`,`deleted_at` FROM `article_info` WHERE `deleted_at` IS NULL LIMIT 0,10
2023-04-16 12:03:00.298 [DEBU] {4d47912a764e56175895d70596e4ff50} [  1 ms] [default] [shop] [rows:1  ] SELECT `id`,`user_id`,`title`,`desc`,`pic_url`,`is_admin`,`praise`,`detail`,`created_at`,`updated_at`,`deleted_at` FROM `article_info` WHERE (`id`=1) AND `deleted_at` IS NULL LIMIT 1
2023-04-16 12:03:06.446 [DEBU] {1d205198774e56175995d7059b813cd2} [ 12 ms] [default] [shop] [rows:0  ] SELECT `id`,`user_id`,`title`,`desc`,`pic_url`,`is_admin`,`praise`,`detail`,`created_at`,`updated_at`,`deleted_at` FROM `article_info` WHERE (`id`=15) AND `deleted_at` IS NULL LIMIT 1
2023-04-16 12:03:16.261 [DEBU] {1a5c12e2794e56175a95d70530786ae8} [  1 ms] [default] [shop] [rows:1  ] SELECT `id`,`user_id`,`title`,`desc`,`pic_url`,`is_admin`,`praise`,`detail`,`created_at`,`updated_at`,`deleted_at` FROM `article_info` WHERE (`id`=9) AND `deleted_at` IS NULL LIMIT 1
2023-04-16 21:10:03.278 [DEBU] {960fb75b506c5617f9405744f23f3bc6} [  3 ms] [default] [shop] [rows:11 ] SHOW FULL COLUMNS FROM `article_info`
2023-04-16 21:10:03.281 [DEBU] {960fb75b506c5617f9405744f23f3bc6} [  2 ms] [default] [shop] [rows:1  ] SELECT COUNT(1) FROM `article_info` WHERE `deleted_at` IS NULL
2023-04-16 21:10:03.282 [DEBU] {960fb75b506c5617f9405744f23f3bc6} [  1 ms] [default] [shop] [rows:9  ] SELECT `id`,`user_id`,`title`,`desc`,`pic_url`,`is_admin`,`praise`,`detail`,`created_at`,`updated_at`,`deleted_at` FROM `article_info` WHERE `deleted_at` IS NULL LIMIT 0,20
2023-04-16 21:13:57.057 [DEBU] {c524c3ca866c5617c3c4be7b41e9ca8e} [  5 ms] [default] [shop] [rows:12 ] SHOW FULL COLUMNS FROM `user_info`
2023-04-16 21:13:57.061 [DEBU] {82e11bcb866c5617c4c4be7b408fd124} [  3 ms] [default] [shop] [rows:1  ] SELECT `id`,`name`,`avatar`,`password`,`user_salt`,`sex`,`status`,`sign`,`secret_answer`,`created_at`,`updated_at`,`deleted_at` FROM `user_info` WHERE (`name`='zknbnbdnb') AND `deleted_at` IS NULL LIMIT 1
2023-04-16 21:13:57.062 [DEBU] {03ce55cb866c5617c5c4be7b2e3b5137} [  0 ms] [default] [shop] [rows:1  ] SELECT `id`,`name`,`avatar`,`password`,`user_salt`,`sex`,`status`,`sign`,`secret_answer`,`created_at`,`updated_at`,`deleted_at` FROM `user_info` WHERE (`id`='5') AND `deleted_at` IS NULL LIMIT 1
2023-04-16 21:15:40.044 [DEBU] {4938b9c49e6c561747663943f7d8f138} [ 13 ms] [default] [shop] [rows:7  ] SHOW FULL COLUMNS FROM `cart_info`
2023-04-16 21:15:40.045 [DEBU] {4938b9c49e6c561747663943f7d8f138} [  0 ms] [default] [shop] [rows:1  ] SELECT COUNT(1) FROM `cart_info` WHERE (`user_id`=5 AND `goods_options_id`=2) AND `deleted_at` IS NULL
2023-04-16 21:15:40.046 [DEBU] {4938b9c49e6c561747663943f7d8f138} [  1 ms] [default] [shop] [rows:1  ] SELECT `id`,`user_id`,`goods_options_id`,`count`,`created_at`,`updated_at`,`deleted_at` FROM `cart_info` WHERE (`user_id`=5 AND `goods_options_id`=2) AND `deleted_at` IS NULL LIMIT 1
2023-04-16 21:15:40.048 [DEBU] {4938b9c49e6c561747663943f7d8f138} [  2 ms] [default] [shop] [rows:1  ] UPDATE `cart_info` SET `count`=13,`updated_at`='2023-04-16 21:15:40' WHERE (`id`=2) AND `deleted_at` IS NULL
2023-04-16 21:17:38.191 [DEBU] {0ea0ed46ba6c5617486639436d13a519} [ 11 ms] [default] [shop] [rows:1  ] SELECT COUNT(1) FROM `cart_info` WHERE (`user_id`=5 AND `goods_options_id`=3) AND `deleted_at` IS NULL
2023-04-16 21:17:38.193 [DEBU] {0ea0ed46ba6c5617486639436d13a519} [  2 ms] [default] [shop] [rows:1  ] INSERT INTO `cart_info`(`user_id`,`count`,`updated_at`,`goods_options_id`,`created_at`) VALUES(5,10,'2023-04-16 21:17:38',3,'2023-04-16 21:17:38') 
2023-04-16 21:21:05.259 [DEBU] {e7670a7dea6c56176f1a2a7f6f238dec} [ 12 ms] [default] [shop] [rows:7  ] SHOW FULL COLUMNS FROM `cart_info`
2023-04-16 21:21:05.260 [DEBU] {e7670a7dea6c56176f1a2a7f6f238dec} [  1 ms] [default] [shop] [rows:1  ] SELECT COUNT(1) FROM `cart_info` WHERE (`user_id`=5) AND `deleted_at` IS NULL
2023-04-16 21:21:05.261 [DEBU] {e7670a7dea6c56176f1a2a7f6f238dec} [  1 ms] [default] [shop] [rows:3  ] SELECT `id`,`user_id`,`goods_options_id`,`count`,`created_at`,`updated_at`,`deleted_at` FROM `cart_info` WHERE (`user_id`=5) AND `deleted_at` IS NULL LIMIT 0,20
2023-04-16 21:21:05.263 [DEBU] {e7670a7dea6c56176f1a2a7f6f238dec} [  2 ms] [default] [shop] [rows:9  ] SHOW FULL COLUMNS FROM `goods_options_info`
2023-04-16 21:21:05.265 [DEBU] {e7670a7dea6c56176f1a2a7f6f238dec} [  2 ms] [default] [shop] [rows:0  ] SELECT `id`,`goods_id`,`pic_url`,`name`,`price`,`stock`,`created_at`,`updated_at`,`deleted_at` FROM `goods_options_info` WHERE (`id` IN(1,2,3)) AND `deleted_at` IS NULL
