2023-04-14 13:58:45.714 [DEBU] {9acabc229eb7551717aa8906d9ba2489} [  5 ms] [default] [shop] [rows:15 ] SHOW FULL COLUMNS FROM `goods_info`
2023-04-14 13:58:45.716 [DEBU] {9acabc229eb7551717aa8906d9ba2489} [  1 ms] [default] [shop] [rows:1  ] SELECT `id`,`pic_url`,`name`,`price`,`level1_category_id`,`level2_category_id`,`level3_category_id`,`brand`,`stock`,`sale`,`tags`,`detail_info`,`created_at`,`updated_at`,`deleted_at` FROM `goods_info` WHERE (`id`=1) AND `deleted_at` IS NULL LIMIT 1
2023-04-14 13:58:45.717 [DEBU] {9acabc229eb7551717aa8906d9ba2489} [  1 ms] [default] [shop] [rows:9  ] SHOW FULL COLUMNS FROM `goods_options_info`
2023-04-14 13:58:45.718 [DEBU] {9acabc229eb7551717aa8906d9ba2489} [  0 ms] [default] [shop] [rows:2  ] SELECT `id`,`goods_id`,`pic_url`,`name`,`price`,`stock`,`created_at`,`updated_at`,`deleted_at` FROM `goods_options_info` WHERE (`goods_id`='1') AND `deleted_at` IS NULL
2023-04-14 13:58:45.720 [DEBU] {9acabc229eb7551717aa8906d9ba2489} [  1 ms] [default] [shop] [rows:9  ] SHOW FULL COLUMNS FROM `comment_info`
2023-04-14 13:58:45.721 [DEBU] {9acabc229eb7551717aa8906d9ba2489} [  1 ms] [default] [shop] [rows:1  ] SELECT `id`,`parent_id`,`user_id`,`object_id`,`type`,`content`,`created_at`,`updated_at`,`deleted_at` FROM `comment_info` WHERE (`Object_id`='1') AND `deleted_at` IS NULL
2023-04-14 14:01:25.886 [DEBU] {f49d2b6dc3b75517682cb215fe9f0a8c} [ 15 ms] [default] [shop] [rows:15 ] SHOW FULL COLUMNS FROM `goods_info`
2023-04-14 14:01:25.887 [DEBU] {f49d2b6dc3b75517682cb215fe9f0a8c} [  0 ms] [default] [shop] [rows:1  ] SELECT `id`,`pic_url`,`name`,`price`,`level1_category_id`,`level2_category_id`,`level3_category_id`,`brand`,`stock`,`sale`,`tags`,`detail_info`,`created_at`,`updated_at`,`deleted_at` FROM `goods_info` WHERE (`id`=1) AND `deleted_at` IS NULL LIMIT 1
2023-04-14 14:01:25.889 [DEBU] {f49d2b6dc3b75517682cb215fe9f0a8c} [  1 ms] [default] [shop] [rows:9  ] SHOW FULL COLUMNS FROM `comment_info`
2023-04-14 14:01:25.891 [DEBU] {f49d2b6dc3b75517682cb215fe9f0a8c} [  1 ms] [default] [shop] [rows:1  ] SELECT * FROM `comment_info` WHERE (`Object_id`='1') AND `deleted_at` IS NULL
2023-04-14 14:01:25.893 [DEBU] {f49d2b6dc3b75517682cb215fe9f0a8c} [  2 ms] [default] [shop] [rows:12 ] SHOW FULL COLUMNS FROM `user_info`
2023-04-14 14:01:25.899 [DEBU] {f49d2b6dc3b75517682cb215fe9f0a8c} [  5 ms] [default] [shop] [rows:1  ] SELECT `id`,`name`,`avatar`,`sex`,`sign`,`status` FROM `user_info` WHERE (`id` IN('1')) AND `deleted_at` IS NULL
2023-04-14 14:01:25.901 [DEBU] {f49d2b6dc3b75517682cb215fe9f0a8c} [  1 ms] [default] [shop] [rows:9  ] SHOW FULL COLUMNS FROM `goods_options_info`
2023-04-14 14:01:25.901 [DEBU] {f49d2b6dc3b75517682cb215fe9f0a8c} [  0 ms] [default] [shop] [rows:2  ] SELECT `id`,`goods_id`,`pic_url`,`name`,`price`,`stock`,`created_at`,`updated_at`,`deleted_at` FROM `goods_options_info` WHERE (`goods_id`='1') AND `deleted_at` IS NULL
2023-04-14 14:01:39.907 [DEBU] {7138bdb1c6b75517692cb21529807ddf} [  1 ms] [default] [shop] [rows:1  ] SELECT `id`,`pic_url`,`name`,`price`,`level1_category_id`,`level2_category_id`,`level3_category_id`,`brand`,`stock`,`sale`,`tags`,`detail_info`,`created_at`,`updated_at`,`deleted_at` FROM `goods_info` WHERE (`id`=2) AND `deleted_at` IS NULL LIMIT 1
2023-04-14 14:01:39.908 [DEBU] {7138bdb1c6b75517692cb21529807ddf} [  1 ms] [default] [shop] [rows:1  ] SELECT `id`,`goods_id`,`pic_url`,`name`,`price`,`stock`,`created_at`,`updated_at`,`deleted_at` FROM `goods_options_info` WHERE (`goods_id`='2') AND `deleted_at` IS NULL
2023-04-14 14:01:39.908 [DEBU] {7138bdb1c6b75517692cb21529807ddf} [  0 ms] [default] [shop] [rows:2  ] SELECT * FROM `comment_info` WHERE (`Object_id`='2') AND `deleted_at` IS NULL
2023-04-14 14:01:39.919 [DEBU] {7138bdb1c6b75517692cb21529807ddf} [ 11 ms] [default] [shop] [rows:2  ] SELECT `id`,`name`,`avatar`,`sex`,`sign`,`status` FROM `user_info` WHERE (`id` IN('1','5')) AND `deleted_at` IS NULL
2023-04-14 14:10:16.973 [DEBU] {549d3c143fb855173ed43d4f0ec9286d} [ 17 ms] [default] [shop] [rows:15 ] SHOW FULL COLUMNS FROM `goods_info`
2023-04-14 14:10:16.974 [DEBU] {549d3c143fb855173ed43d4f0ec9286d} [  0 ms] [default] [shop] [rows:1  ] SELECT `id`,`pic_url`,`name`,`price`,`level1_category_id`,`level2_category_id`,`level3_category_id`,`brand`,`stock`,`sale`,`tags`,`detail_info`,`created_at`,`updated_at`,`deleted_at` FROM `goods_info` WHERE (`id`=2) AND `deleted_at` IS NULL LIMIT 1
2023-04-14 14:10:16.976 [DEBU] {549d3c143fb855173ed43d4f0ec9286d} [  1 ms] [default] [shop] [rows:9  ] SHOW FULL COLUMNS FROM `comment_info`
2023-04-14 14:10:16.977 [DEBU] {549d3c143fb855173ed43d4f0ec9286d} [  0 ms] [default] [shop] [rows:2  ] SELECT * FROM `comment_info` WHERE (`Object_id`='2') AND `deleted_at` IS NULL
2023-04-14 14:10:16.979 [DEBU] {549d3c143fb855173ed43d4f0ec9286d} [  2 ms] [default] [shop] [rows:12 ] SHOW FULL COLUMNS FROM `user_info`
2023-04-14 14:10:16.980 [DEBU] {549d3c143fb855173ed43d4f0ec9286d} [  1 ms] [default] [shop] [rows:2  ] SELECT `id`,`name`,`avatar`,`sex`,`sign`,`status` FROM `user_info` WHERE (`id` IN('1','5')) AND `deleted_at` IS NULL
2023-04-14 14:10:16.981 [DEBU] {549d3c143fb855173ed43d4f0ec9286d} [  1 ms] [default] [shop] [rows:9  ] SHOW FULL COLUMNS FROM `goods_options_info`
2023-04-14 14:10:16.982 [DEBU] {549d3c143fb855173ed43d4f0ec9286d} [  1 ms] [default] [shop] [rows:1  ] SELECT `id`,`goods_id`,`pic_url`,`name`,`price`,`stock`,`created_at`,`updated_at`,`deleted_at` FROM `goods_options_info` WHERE (`goods_id`='2') AND `deleted_at` IS NULL
2023-04-14 14:10:16.983 [DEBU] {549d3c143fb855173ed43d4f0ec9286d} [  1 ms] [default] [shop] [rows:6  ] SHOW FULL COLUMNS FROM `collection_info`
2023-04-14 14:10:16.984 [DEBU] {549d3c143fb855173ed43d4f0ec9286d} [  1 ms] [default] [shop] [rows:1  ] SELECT COUNT(1) FROM `collection_info` WHERE `user_id` IS NULL AND `object_id`=2 AND `type`=1
2023-04-14 14:11:11.437 [DEBU] {1e87d0c24bb855173fd43d4fb2f80f16} [ 14 ms] [default] [shop] [rows:1  ] SELECT `id`,`pic_url`,`name`,`price`,`level1_category_id`,`level2_category_id`,`level3_category_id`,`brand`,`stock`,`sale`,`tags`,`detail_info`,`created_at`,`updated_at`,`deleted_at` FROM `goods_info` WHERE (`id`=5) AND `deleted_at` IS NULL LIMIT 1
2023-04-14 14:11:11.438 [DEBU] {1e87d0c24bb855173fd43d4fb2f80f16} [  1 ms] [default] [shop] [rows:1  ] SELECT * FROM `comment_info` WHERE (`Object_id`='5') AND `deleted_at` IS NULL
2023-04-14 14:11:11.439 [DEBU] {1e87d0c24bb855173fd43d4fb2f80f16} [  1 ms] [default] [shop] [rows:1  ] SELECT `id`,`name`,`avatar`,`sex`,`sign`,`status` FROM `user_info` WHERE (`id` IN('4')) AND `deleted_at` IS NULL
2023-04-14 14:11:11.440 [DEBU] {1e87d0c24bb855173fd43d4fb2f80f16} [  1 ms] [default] [shop] [rows:0  ] SELECT `id`,`goods_id`,`pic_url`,`name`,`price`,`stock`,`created_at`,`updated_at`,`deleted_at` FROM `goods_options_info` WHERE (`goods_id`='5') AND `deleted_at` IS NULL
2023-04-14 14:11:11.440 [DEBU] {1e87d0c24bb855173fd43d4fb2f80f16} [  0 ms] [default] [shop] [rows:1  ] SELECT COUNT(1) FROM `collection_info` WHERE `user_id` IS NULL AND `object_id`=5 AND `type`=1
2023-04-14 14:12:32.349 [DEBU] {3834169a5eb855171b3e605bceb11ee0} [  5 ms] [default] [shop] [rows:15 ] SHOW FULL COLUMNS FROM `goods_info`
2023-04-14 14:12:32.351 [DEBU] {3834169a5eb855171b3e605bceb11ee0} [  1 ms] [default] [shop] [rows:1  ] SELECT `id`,`pic_url`,`name`,`price`,`level1_category_id`,`level2_category_id`,`level3_category_id`,`brand`,`stock`,`sale`,`tags`,`detail_info`,`created_at`,`updated_at`,`deleted_at` FROM `goods_info` WHERE (`id`=5) AND `deleted_at` IS NULL LIMIT 1
2023-04-14 14:12:32.353 [DEBU] {3834169a5eb855171b3e605bceb11ee0} [  2 ms] [default] [shop] [rows:9  ] SHOW FULL COLUMNS FROM `goods_options_info`
2023-04-14 14:12:32.353 [DEBU] {3834169a5eb855171b3e605bceb11ee0} [  0 ms] [default] [shop] [rows:0  ] SELECT `id`,`goods_id`,`pic_url`,`name`,`price`,`stock`,`created_at`,`updated_at`,`deleted_at` FROM `goods_options_info` WHERE (`goods_id`='5') AND `deleted_at` IS NULL
2023-04-14 14:12:32.355 [DEBU] {3834169a5eb855171b3e605bceb11ee0} [  1 ms] [default] [shop] [rows:9  ] SHOW FULL COLUMNS FROM `comment_info`
2023-04-14 14:12:32.355 [DEBU] {3834169a5eb855171b3e605bceb11ee0} [  0 ms] [default] [shop] [rows:1  ] SELECT * FROM `comment_info` WHERE (`Object_id`='5') AND `deleted_at` IS NULL
2023-04-14 14:12:32.356 [DEBU] {3834169a5eb855171b3e605bceb11ee0} [  1 ms] [default] [shop] [rows:12 ] SHOW FULL COLUMNS FROM `user_info`
2023-04-14 14:12:32.357 [DEBU] {3834169a5eb855171b3e605bceb11ee0} [  0 ms] [default] [shop] [rows:1  ] SELECT `id`,`name`,`avatar`,`sex`,`sign`,`status` FROM `user_info` WHERE (`id` IN('4')) AND `deleted_at` IS NULL
2023-04-14 14:12:32.358 [DEBU] {3834169a5eb855171b3e605bceb11ee0} [  1 ms] [default] [shop] [rows:6  ] SHOW FULL COLUMNS FROM `collection_info`
2023-04-14 14:12:32.359 [DEBU] {3834169a5eb855171b3e605bceb11ee0} [  0 ms] [default] [shop] [rows:1  ] SELECT COUNT(1) FROM `collection_info` WHERE `object_id`=5 AND `type`=1 AND `user_id` IS NULL
2023-04-14 14:15:17.904 [DEBU] {b259442585b85517a3b00975fc90f1b5} [ 15 ms] [default] [shop] [rows:15 ] SHOW FULL COLUMNS FROM `goods_info`
2023-04-14 14:15:17.905 [DEBU] {b259442585b85517a3b00975fc90f1b5} [  1 ms] [default] [shop] [rows:1  ] SELECT `id`,`pic_url`,`name`,`price`,`level1_category_id`,`level2_category_id`,`level3_category_id`,`brand`,`stock`,`sale`,`tags`,`detail_info`,`created_at`,`updated_at`,`deleted_at` FROM `goods_info` WHERE (`id`=5) AND `deleted_at` IS NULL LIMIT 1
2023-04-14 14:15:17.906 [DEBU] {b259442585b85517a3b00975fc90f1b5} [  1 ms] [default] [shop] [rows:9  ] SHOW FULL COLUMNS FROM `goods_options_info`
2023-04-14 14:15:17.907 [DEBU] {b259442585b85517a3b00975fc90f1b5} [  1 ms] [default] [shop] [rows:0  ] SELECT `id`,`goods_id`,`pic_url`,`name`,`price`,`stock`,`created_at`,`updated_at`,`deleted_at` FROM `goods_options_info` WHERE (`goods_id`='5') AND `deleted_at` IS NULL
2023-04-14 14:15:17.908 [DEBU] {b259442585b85517a3b00975fc90f1b5} [  1 ms] [default] [shop] [rows:9  ] SHOW FULL COLUMNS FROM `comment_info`
2023-04-14 14:15:17.909 [DEBU] {b259442585b85517a3b00975fc90f1b5} [  0 ms] [default] [shop] [rows:1  ] SELECT * FROM `comment_info` WHERE (`Object_id`='5') AND `deleted_at` IS NULL
2023-04-14 14:15:17.911 [DEBU] {b259442585b85517a3b00975fc90f1b5} [  1 ms] [default] [shop] [rows:12 ] SHOW FULL COLUMNS FROM `user_info`
2023-04-14 14:15:17.911 [DEBU] {b259442585b85517a3b00975fc90f1b5} [  0 ms] [default] [shop] [rows:1  ] SELECT `id`,`name`,`avatar`,`sex`,`sign`,`status` FROM `user_info` WHERE (`id` IN('4')) AND `deleted_at` IS NULL
