2023-04-11 21:00:38.604 [DEBU] {f4b4be0ce6e25417767ca32bb3b341ac} [  4 ms] [default] [shop] [rows:12 ] SHOW FULL COLUMNS FROM `user_info`
2023-04-11 21:00:38.607 [DEBU] {9c82130de6e25417777ca32b91e3bd4e} [  2 ms] [default] [shop] [rows:1  ] SELECT `id`,`name`,`avatar`,`password`,`user_salt`,`sex`,`status`,`sign`,`secret_answer`,`created_at`,`updated_at`,`deleted_at` FROM `user_info` WHERE (`name`='zknbnbdnb') AND `deleted_at` IS NULL LIMIT 1
2023-04-11 21:00:38.611 [DEBU] {872f680de6e25417787ca32b5915d2ae} [  0 ms] [default] [shop] [rows:1  ] SELECT `id`,`name`,`avatar`,`password`,`user_salt`,`sex`,`status`,`sign`,`secret_answer`,`created_at`,`updated_at`,`deleted_at` FROM `user_info` WHERE (`id`='5') AND `deleted_at` IS NULL LIMIT 1
2023-04-11 21:59:51.757 [DEBU] {47d0d45221e654173f0e702a1a4f2ebb} [ 42 ms] [default] [shop] [rows:12 ] SHOW FULL COLUMNS FROM `user_info`
2023-04-11 21:59:51.759 [DEBU] {47d0d45221e654173f0e702a1a4f2ebb} [  1 ms] [default] [shop] [rows:1  ] SELECT `id`,`name`,`avatar`,`password`,`user_salt`,`sex`,`status`,`sign`,`secret_answer`,`created_at`,`updated_at`,`deleted_at` FROM `user_info` WHERE (`id`=5) AND `deleted_at` IS NULL LIMIT 1
2023-04-11 22:01:28.898 [DEBU] {b17eaef237e65417400e702ac9543196} [ 12 ms] [default] [shop] [rows:1  ] SELECT `id`,`name`,`avatar`,`password`,`user_salt`,`sex`,`status`,`sign`,`secret_answer`,`created_at`,`updated_at`,`deleted_at` FROM `user_info` WHERE (`id`=5) AND `deleted_at` IS NULL LIMIT 1
2023-04-11 22:01:34.567 [DEBU] {bc8e724439e654175f8fe93332da10a0} [ 14 ms] [default] [shop] [rows:12 ] SHOW FULL COLUMNS FROM `user_info`
2023-04-11 22:01:34.568 [DEBU] {bc8e724439e654175f8fe93332da10a0} [  0 ms] [default] [shop] [rows:1  ] SELECT `id`,`name`,`avatar`,`password`,`user_salt`,`sex`,`status`,`sign`,`secret_answer`,`created_at`,`updated_at`,`deleted_at` FROM `user_info` WHERE (`id`=5) AND `deleted_at` IS NULL LIMIT 1
2023-04-11 22:02:28.487 [DEBU] {a5ce5cd245e654175aadd61e4379822a} [ 14 ms] [default] [shop] [rows:12 ] SHOW FULL COLUMNS FROM `user_info`
2023-04-11 22:02:28.488 [DEBU] {a5ce5cd245e654175aadd61e4379822a} [  1 ms] [default] [shop] [rows:1  ] SELECT `id`,`name`,`avatar`,`password`,`user_salt`,`sex`,`status`,`sign`,`secret_answer`,`created_at`,`updated_at`,`deleted_at` FROM `user_info` WHERE (`id`=5) AND `deleted_at` IS NULL LIMIT 1
2023-04-11 22:02:28.493 [DEBU] {a5ce5cd245e654175aadd61e4379822a} [  5 ms] [default] [shop] [rows:1  ] UPDATE `user_info` SET `updated_at`='2023-04-11 22:02:28',`secret_answer`='无',`password`='60b580462059bd3281e965a3cee884a4',`user_salt`='qjYgyTMNPg' WHERE (`id`=5) AND `deleted_at` IS NULL
2023-04-11 22:02:37.429 [DEBU] {9f3832e847e654175cadd61e143f1339} [  1 ms] [default] [shop] [rows:1  ] SELECT `id`,`name`,`avatar`,`password`,`user_salt`,`sex`,`status`,`sign`,`secret_answer`,`created_at`,`updated_at`,`deleted_at` FROM `user_info` WHERE (`name`='zknbnbdnb') AND `deleted_at` IS NULL LIMIT 1
2023-04-11 22:02:41.533 [DEBU] {0c15cadc48e654175eadd61e61df07e1} [  1 ms] [default] [shop] [rows:1  ] SELECT `id`,`name`,`avatar`,`password`,`user_salt`,`sex`,`status`,`sign`,`secret_answer`,`created_at`,`updated_at`,`deleted_at` FROM `user_info` WHERE (`name`='zknbnbdnb') AND `deleted_at` IS NULL LIMIT 1
2023-04-11 22:02:41.534 [DEBU] {700cecdc48e654175fadd61ef17f0759} [  0 ms] [default] [shop] [rows:1  ] SELECT `id`,`name`,`avatar`,`password`,`user_salt`,`sex`,`status`,`sign`,`secret_answer`,`created_at`,`updated_at`,`deleted_at` FROM `user_info` WHERE (`id`='5') AND `deleted_at` IS NULL LIMIT 1
2023-04-11 22:58:31.091 [DEBU] {cdf7afbc54e954172880793758f01938} [ 12 ms] [default] [shop] [rows:6  ] SHOW FULL COLUMNS FROM `collection_info`
2023-04-11 22:58:31.095 [DEBU] {cdf7afbc54e954172880793758f01938} [  4 ms] [default] [shop] [rows:1  ] INSERT INTO `collection_info`(`updated_at`,`object_id`,`type`,`created_at`,`user_id`) VALUES('2023-04-11 22:58:31',33,2,'2023-04-11 22:58:31',0) 
2023-04-11 22:58:55.616 [DEBU] {471b13735ae9541729807937bfa0b6d8} [ 13 ms] [default] [shop] [rows:1  ] INSERT INTO `collection_info`(`user_id`,`updated_at`,`object_id`,`type`,`created_at`) VALUES(0,'2023-04-11 22:58:55',33,1,'2023-04-11 22:58:55') 
2023-04-11 22:59:40.698 [DEBU] {c22406f264e954172a807937f6fd38ff} [ 15 ms] [default] [shop] [rows:1  ] DELETE FROM `collection_info` WHERE `id`=17
2023-04-11 23:28:45.475 [DEBU] {aa77332dfbea5417692d7b672727a240} [ 41 ms] [default] [shop] [rows:6  ] SHOW FULL COLUMNS FROM `collection_info`
2023-04-11 23:28:45.482 [DEBU] {aa77332dfbea5417692d7b672727a240} [  6 ms] [default] [shop] [rows:1  ] INSERT INTO `collection_info`(`object_id`,`type`,`created_at`,`user_id`,`updated_at`) VALUES(33,1,'2023-04-11 23:28:45',5,'2023-04-11 23:28:45') 
2023-04-11 23:30:52.957 [DEBU] {04e101de18eb54176b2d7b67462399a2} [  4 ms] [default] [shop] [rows:0  ] DELETE FROM `collection_info` WHERE `id`=2
2023-04-11 23:31:23.263 [DEBU] {004dbeeb1feb54174c581a11d408064f} [ 14 ms] [default] [shop] [rows:6  ] SHOW FULL COLUMNS FROM `collection_info`
2023-04-11 23:31:23.264 [DEBU] {004dbeeb1feb54174c581a11d408064f} [  0 ms] [default] [shop] [rows:0  ] DELETE FROM `collection_info` WHERE `id`=2
2023-04-11 23:31:36.268 [DEBU] {04afc1f322eb54174d581a11ee34a758} [  1 ms] [default] [shop] [rows:0  ] DELETE FROM `collection_info` WHERE `id`=5
2023-04-11 23:31:48.132 [DEBU] {7a76f2b625eb54174e581a119ff64fc5} [  0 ms] [default] [shop] [rows:0  ] DELETE FROM `collection_info` WHERE `id`=5
2023-04-11 23:32:08.202 [DEBU] {584054622aeb5417a4dea95aaf9820b3} [ 14 ms] [default] [shop] [rows:6  ] SHOW FULL COLUMNS FROM `collection_info`
2023-04-11 23:32:08.203 [DEBU] {584054622aeb5417a4dea95aaf9820b3} [  0 ms] [default] [shop] [rows:0  ] DELETE FROM `collection_info` WHERE `id`=5
2023-04-11 23:32:18.633 [DEBU] {27043bd02ceb5417a5dea95a6298e441} [ 12 ms] [default] [shop] [rows:1  ] DELETE FROM `collection_info` WHERE `id`=18
