2023-03-30 11:14:53.382 [DEBU] {49ebfd58f81351170edbe36d3f9a025e} [ 30 ms] [default] [shop] [rows:7  ] SHOW FULL COLUMNS FROM `rotation_info`
2023-03-30 11:14:53.388 [DEBU] {49ebfd58f81351170edbe36d3f9a025e} [  5 ms] [default] [shop] [rows:6  ] SELECT `id`,`pic_url`,`link`,`sort`,`created_at`,`updated_at`,`deleted_at` FROM `rotation_info` WHERE `deleted_at` IS NULL ORDER BY `sort` LIMIT 0,10
2023-03-30 11:14:53.389 [DEBU] {49ebfd58f81351170edbe36d3f9a025e} [  0 ms] [default] [shop] [rows:1  ] SELECT COUNT(1) FROM `rotation_info` WHERE `deleted_at` IS NULL
2023-03-30 11:14:53.390 [DEBU] {49ebfd58f81351170edbe36d3f9a025e} [  0 ms] [default] [shop] [rows:6  ] SELECT `id`,`pic_url`,`link`,`sort`,`created_at`,`updated_at` FROM `rotation_info` WHERE `deleted_at` IS NULL ORDER BY `sort` LIMIT 0,10
2023-03-30 11:16:11.495 [DEBU] {ee7be5890a14511753a569725d0ae077} [ 13 ms] [default] [shop] [rows:7  ] SHOW FULL COLUMNS FROM `rotation_info`
2023-03-30 11:16:11.496 [DEBU] {ee7be5890a14511753a569725d0ae077} [  0 ms] [default] [shop] [rows:6  ] SELECT `id`,`pic_url`,`link`,`sort`,`created_at`,`updated_at`,`deleted_at` FROM `rotation_info` WHERE `deleted_at` IS NULL ORDER BY `sort` LIMIT 0,10
2023-03-30 11:16:11.497 [DEBU] {ee7be5890a14511753a569725d0ae077} [  1 ms] [default] [shop] [rows:1  ] SELECT COUNT(1) FROM `rotation_info` WHERE `deleted_at` IS NULL
2023-03-30 11:16:11.498 [DEBU] {ee7be5890a14511753a569725d0ae077} [  1 ms] [default] [shop] [rows:6  ] SELECT `id`,`pic_url`,`link`,`sort`,`created_at`,`updated_at` FROM `rotation_info` WHERE `deleted_at` IS NULL ORDER BY `sort` LIMIT 0,10
2023-03-30 20:08:59.384 [DEBU] {5a7ea3a21d31511747dccb2b8f968bb3} [ 46 ms] [default] [shop] [rows:8  ] SHOW FULL COLUMNS FROM `admin_info`
2023-03-30 20:08:59.391 [DEBU] {c56a65a51d31511748dccb2b05fecba8} [  7 ms] [default] [shop] [rows:1  ] SELECT `id`,`name`,`password`,`role_ids`,`created_at`,`updated_at`,`user_salt`,`is_admin` FROM `admin_info` WHERE `name`='zknbnbdnb' LIMIT 1
2023-03-30 20:08:59.392 [DEBU] {5cc3d1a51d31511749dccb2bdeb01eef} [  1 ms] [default] [shop] [rows:0  ] SELECT `id`,`name`,`password`,`role_ids`,`created_at`,`updated_at`,`user_salt`,`is_admin` FROM `admin_info` WHERE `id`='Admin:17' LIMIT 1
2023-03-30 20:10:10.021 [DEBU] {323947172e3151170de52e08d0e2ab54} [  7 ms] [default] [shop] [rows:8  ] SHOW FULL COLUMNS FROM `admin_info`
2023-03-30 20:10:10.022 [DEBU] {08c0b2172e3151170ee52e08f2065097} [  1 ms] [default] [shop] [rows:1  ] SELECT `id`,`name`,`password`,`role_ids`,`created_at`,`updated_at`,`user_salt`,`is_admin` FROM `admin_info` WHERE `name`='zknbnbdnb' LIMIT 1
2023-03-30 20:10:10.023 [DEBU] {76e2c2172e3151170fe52e087b5a58b2} [  1 ms] [default] [shop] [rows:1  ] SELECT `id`,`name`,`password`,`role_ids`,`created_at`,`updated_at`,`user_salt`,`is_admin` FROM `admin_info` WHERE `id`='17' LIMIT 1
2023-03-30 20:10:10.025 [DEBU] {13bccf172e31511710e52e0850d5cfcc} [  2 ms] [default] [shop] [rows:5  ] SHOW FULL COLUMNS FROM `role_permission_info`
2023-03-30 20:10:10.029 [DEBU] {41fbf4172e31511711e52e08fc83baca} [  2 ms] [default] [shop] [rows:0  ] SELECT `id`,`role_id`,`permission_id`,`created_at`,`updated_at` FROM `role_permission_info` WHERE `role_id` IN ('234')
2023-03-30 20:10:10.030 [DEBU] {5f7b25182e31511712e52e08cf33beee} [  1 ms] [default] [shop] [rows:6  ] SHOW FULL COLUMNS FROM `permission_info`
2023-03-30 20:10:10.032 [DEBU] {062242182e31511713e52e088fca3edb} [  1 ms] [default] [shop] [rows:0  ] SELECT `id`,`name`,`path`,`created_at`,`updated_at`,`deleted_at` FROM `permission_info` WHERE (0=1) AND `deleted_at` IS NULL
2023-03-30 20:12:39.011 [DEBU] {42376cc75031511716e52e089f3f4f6c} [ 13 ms] [default] [shop] [rows:1  ] SELECT `id`,`name`,`password`,`role_ids`,`created_at`,`updated_at`,`user_salt`,`is_admin` FROM `admin_info` WHERE `name`='zknbnbdnb' LIMIT 1
2023-03-30 20:12:39.012 [DEBU] {e9a737c85031511717e52e08d1d6cc23} [  0 ms] [default] [shop] [rows:1  ] SELECT `id`,`name`,`password`,`role_ids`,`created_at`,`updated_at`,`user_salt`,`is_admin` FROM `admin_info` WHERE `id`='17' LIMIT 1
2023-03-30 20:12:39.013 [DEBU] {b47545c85031511718e52e0857bad0f8} [  0 ms] [default] [shop] [rows:0  ] SELECT `id`,`role_id`,`permission_id`,`created_at`,`updated_at` FROM `role_permission_info` WHERE `role_id` IN ('234')
2023-03-30 20:12:39.014 [DEBU] {a2c152c85031511719e52e0802555533} [  1 ms] [default] [shop] [rows:0  ] SELECT `id`,`name`,`path`,`created_at`,`updated_at`,`deleted_at` FROM `permission_info` WHERE (0=1) AND `deleted_at` IS NULL
2023-03-30 20:48:28.183 [DEBU] {4b9ffb2b453351172781822239698a1d} [ 14 ms] [default] [shop] [rows:9  ] SHOW FULL COLUMNS FROM `admin_info`
2023-03-30 20:48:28.184 [DEBU] {2c62d82c4533511728818222acdb07ef} [  0 ms] [default] [shop] [rows:1  ] SELECT `id`,`name`,`password`,`role_ids`,`created_at`,`updated_at`,`deleted_at`,`user_salt`,`is_admin` FROM `admin_info` WHERE (`name`='zknbnbdnb') AND `deleted_at` IS NULL LIMIT 1
2023-03-30 20:48:28.185 [DEBU] {6ab8e62c4533511729818222b7b9e10a} [  1 ms] [default] [shop] [rows:1  ] SELECT `id`,`name`,`password`,`role_ids`,`created_at`,`updated_at`,`deleted_at`,`user_salt`,`is_admin` FROM `admin_info` WHERE (`id`='17') AND `deleted_at` IS NULL LIMIT 1
2023-03-30 20:48:28.186 [DEBU] {6b50f22c453351172a8182221c8897eb} [  1 ms] [default] [shop] [rows:5  ] SHOW FULL COLUMNS FROM `role_permission_info`
2023-03-30 20:48:28.187 [DEBU] {aae7052d453351172b81822243583eef} [  0 ms] [default] [shop] [rows:0  ] SELECT `id`,`role_id`,`permission_id`,`created_at`,`updated_at` FROM `role_permission_info` WHERE `role_id` IN ('234')
2023-03-30 20:48:28.188 [DEBU] {aa87132d453351172c818222ec3ad7a4} [  1 ms] [default] [shop] [rows:6  ] SHOW FULL COLUMNS FROM `permission_info`
2023-03-30 20:48:28.189 [DEBU] {cbb1232d453351172d81822232cf2c85} [  1 ms] [default] [shop] [rows:0  ] SELECT `id`,`name`,`path`,`created_at`,`updated_at`,`deleted_at` FROM `permission_info` WHERE (0=1) AND `deleted_at` IS NULL
2023-03-30 20:50:32.061 [DEBU] {22234b046233511731818222e67d0631} [  3 ms] [default] [shop] [rows:1  ] SELECT `id`,`name`,`password`,`role_ids`,`created_at`,`updated_at`,`deleted_at`,`user_salt`,`is_admin` FROM `admin_info` WHERE (`name`='zknbnbdnb') AND `deleted_at` IS NULL LIMIT 1
2023-03-30 20:50:32.062 [DEBU] {5f698304623351173281822284dd4c2d} [  1 ms] [default] [shop] [rows:1  ] SELECT `id`,`name`,`password`,`role_ids`,`created_at`,`updated_at`,`deleted_at`,`user_salt`,`is_admin` FROM `admin_info` WHERE (`id`='17') AND `deleted_at` IS NULL LIMIT 1
2023-03-30 20:50:32.063 [DEBU] {3cb894046233511733818222f4176ec3} [  1 ms] [default] [shop] [rows:0  ] SELECT `id`,`role_id`,`permission_id`,`created_at`,`updated_at` FROM `role_permission_info` WHERE `role_id` IN ('234')
2023-03-30 20:50:32.064 [DEBU] {4b12a3046233511734818222e1490e4b} [  1 ms] [default] [shop] [rows:0  ] SELECT `id`,`name`,`path`,`created_at`,`updated_at`,`deleted_at` FROM `permission_info` WHERE (0=1) AND `deleted_at` IS NULL
2023-03-30 20:50:34.146 [DEBU] {78e5bb806233511736818222fc450bba} [  1 ms] [default] [shop] [rows:1  ] SELECT `id`,`name`,`password`,`role_ids`,`created_at`,`updated_at`,`deleted_at`,`user_salt`,`is_admin` FROM `admin_info` WHERE (`name`='zknbnbdnb') AND `deleted_at` IS NULL LIMIT 1
2023-03-30 20:50:34.146 [DEBU] {1876ca80623351173781822238ae1f0b} [  0 ms] [default] [shop] [rows:1  ] SELECT `id`,`name`,`password`,`role_ids`,`created_at`,`updated_at`,`deleted_at`,`user_salt`,`is_admin` FROM `admin_info` WHERE (`id`='17') AND `deleted_at` IS NULL LIMIT 1
2023-03-30 20:50:34.147 [DEBU] {57b8d6806233511738818222a6bce837} [  0 ms] [default] [shop] [rows:0  ] SELECT `id`,`role_id`,`permission_id`,`created_at`,`updated_at` FROM `role_permission_info` WHERE `role_id` IN ('234')
2023-03-30 20:50:34.148 [DEBU] {a689df806233511739818222b90f9e36} [  1 ms] [default] [shop] [rows:0  ] SELECT `id`,`name`,`path`,`created_at`,`updated_at`,`deleted_at` FROM `permission_info` WHERE (0=1) AND `deleted_at` IS NULL
2023-03-30 20:51:48.509 [DEBU] {a8d962d07333511733a1743a5b058fae} [ 13 ms] [default] [shop] [rows:9  ] SHOW FULL COLUMNS FROM `admin_info`
2023-03-30 20:51:48.510 [DEBU] {983d36d17333511734a1743ac7a209bb} [  0 ms] [default] [shop] [rows:1  ] SELECT `id`,`name`,`password`,`role_ids`,`created_at`,`updated_at`,`deleted_at`,`user_salt`,`is_admin` FROM `admin_info` WHERE (`name`='zknbnbdnb') AND `deleted_at` IS NULL LIMIT 1
2023-03-30 20:51:48.512 [DEBU] {13864bd17333511735a1743acf635289} [  0 ms] [default] [shop] [rows:1  ] SELECT `id`,`name`,`password`,`role_ids`,`created_at`,`updated_at`,`deleted_at`,`user_salt`,`is_admin` FROM `admin_info` WHERE (`id`='17') AND `deleted_at` IS NULL LIMIT 1
2023-03-30 20:51:48.513 [DEBU] {aa8555d17333511736a1743a981e8b19} [  1 ms] [default] [shop] [rows:5  ] SHOW FULL COLUMNS FROM `role_permission_info`
2023-03-30 20:51:48.514 [DEBU] {d6856dd17333511737a1743ad41bdb68} [  1 ms] [default] [shop] [rows:0  ] SELECT `id`,`role_id`,`permission_id`,`created_at`,`updated_at` FROM `role_permission_info` WHERE `role_id` IN ('234')
2023-03-30 20:51:48.515 [DEBU] {b17a78d17333511738a1743abc72d32f} [  1 ms] [default] [shop] [rows:6  ] SHOW FULL COLUMNS FROM `permission_info`
2023-03-30 20:51:48.516 [DEBU] {234a8cd17333511739a1743a439eac9b} [  1 ms] [default] [shop] [rows:0  ] SELECT `id`,`name`,`path`,`created_at`,`updated_at`,`deleted_at` FROM `permission_info` WHERE (0=1) AND `deleted_at` IS NULL
2023-03-30 20:53:02.612 [DEBU] {cfb64b118533511705921b2b7c894435} [ 13 ms] [default] [shop] [rows:9  ] SHOW FULL COLUMNS FROM `admin_info`
2023-03-30 20:53:02.613 [DEBU] {c80813128533511706921b2baaf32a1a} [  1 ms] [default] [shop] [rows:1  ] SELECT `id`,`name`,`password`,`role_ids`,`created_at`,`updated_at`,`deleted_at`,`user_salt`,`is_admin` FROM `admin_info` WHERE (`name`='zknbnbdnb') AND `deleted_at` IS NULL LIMIT 1
2023-03-30 20:53:02.614 [DEBU] {80b022128533511707921b2bb63862bb} [  1 ms] [default] [shop] [rows:1  ] SELECT `id`,`name`,`password`,`role_ids`,`created_at`,`updated_at`,`deleted_at`,`user_salt`,`is_admin` FROM `admin_info` WHERE (`id`='17') AND `deleted_at` IS NULL LIMIT 1
2023-03-30 20:53:02.615 [DEBU] {50142c128533511708921b2bb19ff810} [  1 ms] [default] [shop] [rows:5  ] SHOW FULL COLUMNS FROM `role_permission_info`
2023-03-30 20:53:02.616 [DEBU] {7bc33d128533511709921b2b8d6eafee} [  1 ms] [default] [shop] [rows:0  ] SELECT `id`,`role_id`,`permission_id`,`created_at`,`updated_at` FROM `role_permission_info` WHERE `role_id` IN ('234')
2023-03-30 20:53:02.617 [DEBU] {7b7c4c12853351170a921b2b5a917845} [  1 ms] [default] [shop] [rows:6  ] SHOW FULL COLUMNS FROM `permission_info`
2023-03-30 20:53:02.618 [DEBU] {d43b6012853351170b921b2b886a8208} [  1 ms] [default] [shop] [rows:0  ] SELECT `id`,`name`,`path`,`created_at`,`updated_at`,`deleted_at` FROM `permission_info` WHERE (0=1) AND `deleted_at` IS NULL
2023-03-30 21:01:54.340 [DEBU] {ef8bb9de00345117251c7276faf9d90b} [ 13 ms] [default] [shop] [rows:9  ] SHOW FULL COLUMNS FROM `admin_info`
2023-03-30 21:01:54.341 [DEBU] {08db84df00345117261c7276215d31ab} [  1 ms] [default] [shop] [rows:1  ] SELECT `id`,`name`,`password`,`role_ids`,`created_at`,`updated_at`,`deleted_at`,`user_salt`,`is_admin` FROM `admin_info` WHERE (`name`='zknbnbdnb') AND `deleted_at` IS NULL LIMIT 1
2023-03-30 21:02:05.635 [DEBU] {5533b88003345117281c72766bac3701} [  0 ms] [default] [shop] [rows:1  ] SELECT `id`,`name`,`password`,`role_ids`,`created_at`,`updated_at`,`deleted_at`,`user_salt`,`is_admin` FROM `admin_info` WHERE (`name`='zknbnbdnb') AND `deleted_at` IS NULL LIMIT 1
2023-03-30 21:02:08.728 [DEBU] {4573e23804345117cfcb630d73b59bb0} [  4 ms] [default] [shop] [rows:9  ] SHOW FULL COLUMNS FROM `admin_info`
2023-03-30 21:02:08.729 [DEBU] {31f6243904345117d0cb630d728b0524} [  0 ms] [default] [shop] [rows:1  ] SELECT `id`,`name`,`password`,`role_ids`,`created_at`,`updated_at`,`deleted_at`,`user_salt`,`is_admin` FROM `admin_info` WHERE (`name`='zknbnbdnb') AND `deleted_at` IS NULL LIMIT 1
2023-03-30 21:02:08.730 [DEBU] {4483333904345117d1cb630d0c226c33} [  0 ms] [default] [shop] [rows:1  ] SELECT `id`,`name`,`password`,`role_ids`,`created_at`,`updated_at`,`deleted_at`,`user_salt`,`is_admin` FROM `admin_info` WHERE (`id`='17') AND `deleted_at` IS NULL LIMIT 1
2023-03-30 21:02:08.731 [DEBU] {bf6c403904345117d2cb630dca89a386} [  1 ms] [default] [shop] [rows:5  ] SHOW FULL COLUMNS FROM `role_permission_info`
2023-03-30 21:02:08.732 [DEBU] {98b0523904345117d3cb630daa527b5f} [  0 ms] [default] [shop] [rows:0  ] SELECT `id`,`role_id`,`permission_id`,`created_at`,`updated_at` FROM `role_permission_info` WHERE `role_id` IN ('234')
2023-03-30 21:02:08.734 [DEBU] {47c45d3904345117d4cb630d8d86525a} [  2 ms] [default] [shop] [rows:6  ] SHOW FULL COLUMNS FROM `permission_info`
2023-03-30 21:02:08.734 [DEBU] {45bc723904345117d5cb630d5e18605d} [  0 ms] [default] [shop] [rows:0  ] SELECT `id`,`name`,`path`,`created_at`,`updated_at`,`deleted_at` FROM `permission_info` WHERE (0=1) AND `deleted_at` IS NULL
2023-03-30 21:04:42.509 [DEBU] {951f580628345117a2d6c204fbea5699} [ 14 ms] [default] [shop] [rows:9  ] SHOW FULL COLUMNS FROM `admin_info`
2023-03-30 21:04:42.510 [DEBU] {a500350728345117a3d6c204b2fa9ec5} [  0 ms] [default] [shop] [rows:1  ] SELECT `id`,`name`,`password`,`role_ids`,`created_at`,`updated_at`,`deleted_at`,`user_salt`,`is_admin` FROM `admin_info` WHERE (`name`='zknbnbdnb') AND `deleted_at` IS NULL LIMIT 1
2023-03-30 21:04:42.511 [DEBU] {9427470728345117a4d6c204c656aea1} [  0 ms] [default] [shop] [rows:1  ] SELECT `id`,`name`,`password`,`role_ids`,`created_at`,`updated_at`,`deleted_at`,`user_salt`,`is_admin` FROM `admin_info` WHERE (`id`='17') AND `deleted_at` IS NULL LIMIT 1
2023-03-30 21:04:42.513 [DEBU] {9afa510728345117a5d6c2040c5cbff6} [  1 ms] [default] [shop] [rows:5  ] SHOW FULL COLUMNS FROM `role_permission_info`
2023-03-30 21:04:42.514 [DEBU] {abe3680728345117a6d6c20459919ca0} [  1 ms] [default] [shop] [rows:0  ] SELECT `id`,`role_id`,`permission_id`,`created_at`,`updated_at` FROM `role_permission_info` WHERE `role_id` IN ('234')
2023-03-30 21:04:42.515 [DEBU] {95b0770728345117a7d6c2046ff8a45c} [  1 ms] [default] [shop] [rows:6  ] SHOW FULL COLUMNS FROM `permission_info`
2023-03-30 21:04:42.516 [DEBU] {f0b68d0728345117a8d6c204406418ef} [  1 ms] [default] [shop] [rows:0  ] SELECT `id`,`name`,`path`,`created_at`,`updated_at`,`deleted_at` FROM `permission_info` WHERE (0=1) AND `deleted_at` IS NULL
2023-03-30 21:06:02.304 [DEBU] {1624769a3a3451177c05230e3ea1e793} [ 14 ms] [default] [shop] [rows:9  ] SHOW FULL COLUMNS FROM `admin_info`
2023-03-30 21:06:02.305 [DEBU] {baf65c9b3a3451177d05230e0b57c443} [  0 ms] [default] [shop] [rows:1  ] SELECT `id`,`name`,`password`,`role_ids`,`created_at`,`updated_at`,`deleted_at`,`user_salt`,`is_admin` FROM `admin_info` WHERE (`name`='zknbnbdnb') AND `deleted_at` IS NULL LIMIT 1
2023-03-30 21:06:02.306 [DEBU] {49246a9b3a3451177e05230edc01678f} [  0 ms] [default] [shop] [rows:1  ] SELECT `id`,`name`,`password`,`role_ids`,`created_at`,`updated_at`,`deleted_at`,`user_salt`,`is_admin` FROM `admin_info` WHERE (`id`='17') AND `deleted_at` IS NULL LIMIT 1
2023-03-30 21:06:02.307 [DEBU] {1f81729b3a3451177f05230ea1bf4f35} [  1 ms] [default] [shop] [rows:5  ] SHOW FULL COLUMNS FROM `role_permission_info`
2023-03-30 21:06:02.308 [DEBU] {9118849b3a3451178005230e35fbd7fc} [  1 ms] [default] [shop] [rows:0  ] SELECT `id`,`role_id`,`permission_id`,`created_at`,`updated_at` FROM `role_permission_info` WHERE `role_id` IN ('234')
2023-03-30 21:06:02.309 [DEBU] {5fc5909b3a3451178105230eeef27c36} [  1 ms] [default] [shop] [rows:6  ] SHOW FULL COLUMNS FROM `permission_info`
2023-03-30 21:06:02.310 [DEBU] {5b13a79b3a3451178205230e359d6a44} [  0 ms] [default] [shop] [rows:0  ] SELECT `id`,`name`,`path`,`created_at`,`updated_at`,`deleted_at` FROM `permission_info` WHERE (0=1) AND `deleted_at` IS NULL
