2023-04-06 18:21:11.031 [DEBU] {7e5dd6914b5153172260b303d21b6252} [ 81 ms] [default] [shop] [rows:9  ] SHOW FULL COLUMNS FROM `admin_info`
2023-04-06 18:21:11.046 [DEBU] {543eb3964b5153172360b303a8612660} [ 14 ms] [default] [shop] [rows:1  ] SELECT `id`,`name`,`password`,`role_ids`,`created_at`,`updated_at`,`deleted_at`,`user_salt`,`is_admin` FROM `admin_info` WHERE (`name`='zknbnbdnb') AND `deleted_at` IS NULL LIMIT 1
2023-04-06 18:21:11.050 [DEBU] {2070c6974b5153172460b30300ecbef0} [  0 ms] [default] [shop] [rows:1  ] SELECT `id`,`name`,`password`,`role_ids`,`created_at`,`updated_at`,`deleted_at`,`user_salt`,`is_admin` FROM `admin_info` WHERE (`id`='17') AND `deleted_at` IS NULL LIMIT 1
2023-04-06 18:21:11.054 [DEBU] {dc49d8974b5153172560b303e162e9b7} [  3 ms] [default] [shop] [rows:5  ] SHOW FULL COLUMNS FROM `role_permission_info`
2023-04-06 18:21:11.057 [DEBU] {f4670b984b5153172660b3039058efee} [  3 ms] [default] [shop] [rows:0  ] SELECT `id`,`role_id`,`permission_id`,`created_at`,`updated_at` FROM `role_permission_info` WHERE `role_id` IN ('234')
2023-04-06 18:21:11.061 [DEBU] {2b9736984b5153172760b3033073ad8d} [  4 ms] [default] [shop] [rows:6  ] SHOW FULL COLUMNS FROM `permission_info`
2023-04-06 18:21:11.063 [DEBU] {e1d570984b5153172860b30354c1c7e0} [  2 ms] [default] [shop] [rows:0  ] SELECT `id`,`name`,`path`,`created_at`,`updated_at`,`deleted_at` FROM `permission_info` WHERE (0=1) AND `deleted_at` IS NULL
2023-04-06 22:17:10.564 [DEBU] {ad3cd2592c5e53174ab46d0918c9b5b1} [ 47 ms] [default] [shop] [rows:9  ] SHOW FULL COLUMNS FROM `admin_info`
2023-04-06 22:17:10.568 [DEBU] {895fa85c2c5e53174bb46d098370805e} [  3 ms] [default] [shop] [rows:1  ] SELECT `id`,`name`,`password`,`role_ids`,`created_at`,`updated_at`,`deleted_at`,`user_salt`,`is_admin` FROM `admin_info` WHERE (`name`='zknbnbdnb') AND `deleted_at` IS NULL LIMIT 1
2023-04-06 22:17:10.571 [DEBU] {3ccdf85c2c5e53174cb46d0984b29e68} [  1 ms] [default] [shop] [rows:1  ] SELECT `id`,`name`,`password`,`role_ids`,`created_at`,`updated_at`,`deleted_at`,`user_salt`,`is_admin` FROM `admin_info` WHERE (`id`='17') AND `deleted_at` IS NULL LIMIT 1
2023-04-06 22:17:10.573 [DEBU] {a93f095d2c5e53174db46d09d7211178} [  2 ms] [default] [shop] [rows:5  ] SHOW FULL COLUMNS FROM `role_permission_info`
2023-04-06 22:17:10.576 [DEBU] {c50b2c5d2c5e53174eb46d090fb15f70} [  2 ms] [default] [shop] [rows:0  ] SELECT `id`,`role_id`,`permission_id`,`created_at`,`updated_at` FROM `role_permission_info` WHERE `role_id` IN ('234')
2023-04-06 22:17:10.578 [DEBU] {eb96545d2c5e53174fb46d09a55ab208} [  1 ms] [default] [shop] [rows:6  ] SHOW FULL COLUMNS FROM `permission_info`
2023-04-06 22:17:10.579 [DEBU] {19926a5d2c5e531750b46d0967a93428} [  1 ms] [default] [shop] [rows:0  ] SELECT `id`,`name`,`path`,`created_at`,`updated_at`,`deleted_at` FROM `permission_info` WHERE (0=1) AND `deleted_at` IS NULL
2023-04-06 22:17:47.974 [DEBU] {8e4e7611355e531751b46d09227a2d9b} [  5 ms] [default] [shop] [rows:9  ] SHOW FULL COLUMNS FROM `category_info`
2023-04-06 22:17:47.975 [DEBU] {8e4e7611355e531751b46d09227a2d9b} [  1 ms] [default] [shop] [rows:7  ] SELECT `id`,`parent_id`,`name`,`pic_url`,`level`,`sort`,`created_at`,`updated_at`,`deleted_at` FROM `category_info` WHERE `deleted_at` IS NULL ORDER BY `sort` LIMIT 0,20
2023-04-06 22:17:47.977 [DEBU] {8e4e7611355e531751b46d09227a2d9b} [  1 ms] [default] [shop] [rows:1  ] SELECT COUNT(1) FROM `category_info` WHERE `deleted_at` IS NULL
2023-04-06 22:17:47.977 [DEBU] {8e4e7611355e531751b46d09227a2d9b} [  0 ms] [default] [shop] [rows:7  ] SELECT `id`,`parent_id`,`name`,`pic_url`,`level`,`sort`,`created_at`,`updated_at` FROM `category_info` WHERE `deleted_at` IS NULL ORDER BY `sort` LIMIT 0,20
2023-04-06 22:18:13.363 [DEBU] {4b2561fb3a5e531752b46d09d9c58573} [  5 ms] [default] [shop] [rows:1  ] INSERT INTO `category_info`(`parent_id`,`name`,`created_at`,`pic_url`,`updated_at`,`level`,`sort`) VALUES(0,'','2023-04-06 22:18:13','','2023-04-06 22:18:13',0,0) 
2023-04-06 22:18:52.954 [DEBU] {1cfaa832445e531753b46d090eaaefed} [ 14 ms] [default] [shop] [rows:8  ] SELECT `id`,`parent_id`,`name`,`pic_url`,`level`,`sort`,`created_at`,`updated_at`,`deleted_at` FROM `category_info` WHERE `deleted_at` IS NULL ORDER BY `sort` LIMIT 0,20
2023-04-06 22:18:52.955 [DEBU] {1cfaa832445e531753b46d090eaaefed} [  1 ms] [default] [shop] [rows:1  ] SELECT COUNT(1) FROM `category_info` WHERE `deleted_at` IS NULL
2023-04-06 22:18:52.956 [DEBU] {1cfaa832445e531753b46d090eaaefed} [  1 ms] [default] [shop] [rows:8  ] SELECT `id`,`parent_id`,`name`,`pic_url`,`level`,`sort`,`created_at`,`updated_at` FROM `category_info` WHERE `deleted_at` IS NULL ORDER BY `sort` LIMIT 0,20
2023-04-06 22:19:23.619 [DEBU] {d3d0e4564b5e531754b46d095ebbb63d} [  6 ms] [default] [shop] [rows:1  ] INSERT INTO `category_info`(`updated_at`,`name`,`pic_url`,`created_at`,`sort`,`parent_id`,`level`) VALUES('2023-04-06 22:19:23','','','2023-04-06 22:19:23',0,0,0) 
2023-04-06 22:23:28.608 [DEBU] {b017bb60845e531755b46d0979d88c36} [ 17 ms] [default] [shop] [rows:1  ] INSERT INTO `category_info`(`name`,`sort`,`updated_at`,`pic_url`,`level`,`created_at`,`parent_id`) VALUES('',0,'2023-04-06 22:23:28','',0,'2023-04-06 22:23:28',0) 
2023-04-06 22:24:10.223 [DEBU] {5c8241118e5e531756b46d095b332e64} [ 15 ms] [default] [shop] [rows:1  ] INSERT INTO `category_info`(`parent_id`,`created_at`,`pic_url`,`name`,`updated_at`,`level`,`sort`) VALUES(0,'2023-04-06 22:24:10','','','2023-04-06 22:24:10',0,0) 
2023-04-06 22:26:59.841 [DEBU] {04b63d8fb55e53175e15120678606259} [ 13 ms] [default] [shop] [rows:9  ] SHOW FULL COLUMNS FROM `category_info`
2023-04-06 22:26:59.843 [DEBU] {04b63d8fb55e53175e15120678606259} [  2 ms] [default] [shop] [rows:1  ] INSERT INTO `category_info`(`pic_url`,`level`,`sort`,`parent_id`,`updated_at`,`created_at`,`name`) VALUES('',0,0,0,'2023-04-06 22:26:59','2023-04-06 22:26:59','') 
2023-04-06 22:27:11.680 [DEBU] {fb3a2651b85e53175f151206e0fd11bd} [ 12 ms] [default] [shop] [rows:1  ] INSERT INTO `category_info`(`created_at`,`sort`,`updated_at`,`parent_id`,`name`,`pic_url`,`level`) VALUES('2023-04-06 22:27:11',0,'2023-04-06 22:27:11',0,'','',0) 
2023-04-06 22:29:51.442 [DEBU] {526c9a83dd5e5317af9bce657a42f5dc} [ 12 ms] [default] [shop] [rows:9  ] SHOW FULL COLUMNS FROM `category_info`
2023-04-06 22:29:51.445 [DEBU] {526c9a83dd5e5317af9bce657a42f5dc} [  2 ms] [default] [shop] [rows:1  ] UPDATE `category_info` SET `updated_at`='2023-04-06 22:29:51',`name`='',`sort`=0,`parent_id`=0,`pic_url`='',`level`=0 WHERE (`id`=14) AND `deleted_at` IS NULL
2023-04-06 22:30:36.522 [DEBU] {bfbf0803e85e5317b09bce6583610536} [  6 ms] [default] [shop] [rows:1  ] UPDATE `category_info` SET `deleted_at`='2023-04-06 22:30:36' WHERE (`id`=14) AND `deleted_at` IS NULL
2023-04-06 22:30:43.171 [DEBU] {0600ac8fe95e5317b19bce65aab995df} [  1 ms] [default] [shop] [rows:0  ] UPDATE `category_info` SET `deleted_at`='2023-04-06 22:30:43' WHERE (`id`=14) AND `deleted_at` IS NULL
2023-04-06 22:30:49.105 [DEBU] {9cccc6f0ea5e5317b29bce65325f8871} [ 11 ms] [default] [shop] [rows:0  ] UPDATE `category_info` SET `deleted_at`='2023-04-06 22:30:49' WHERE (`id`=14) AND `deleted_at` IS NULL
2023-04-06 22:34:11.682 [DEBU] {78a4a01b1a5f53170734c4600db3499d} [  4 ms] [default] [shop] [rows:9  ] SHOW FULL COLUMNS FROM `category_info`
2023-04-06 22:34:11.684 [DEBU] {78a4a01b1a5f53170734c4600db3499d} [  2 ms] [default] [shop] [rows:1  ] INSERT INTO `category_info`(`created_at`,`pic_url`,`level`,`sort`,`name`,`updated_at`,`parent_id`) VALUES('2023-04-06 22:34:11','',0,0,'','2023-04-06 22:34:11',0) 
2023-04-06 22:37:52.501 [DEBU] {3930dd844d5f5317480eb94b9fb9c885} [ 14 ms] [default] [shop] [rows:9  ] SHOW FULL COLUMNS FROM `category_info`
2023-04-06 22:37:52.503 [DEBU] {3930dd844d5f5317480eb94b9fb9c885} [  2 ms] [default] [shop] [rows:1  ] INSERT INTO `category_info`(`parent_id`,`updated_at`,`name`,`pic_url`,`level`,`sort`,`created_at`) VALUES(0,'2023-04-06 22:37:52','','',0,0,'2023-04-06 22:37:52') 
2023-04-06 22:40:53.771 [DEBU] {868b92b9775f5317490eb94b70ecbefe} [ 13 ms] [default] [shop] [rows:9  ] SHOW FULL COLUMNS FROM `position_info`
2023-04-06 22:40:53.779 [DEBU] {868b92b9775f5317490eb94b70ecbefe} [  8 ms] [default] [shop] [rows:1  ] INSERT INTO `position_info`(`updated_at`,`goods_id`,`goods_name`,`pic_url`,`link`,`created_at`,`sort`) VALUES('2023-04-06 22:40:53',23,'maotai','github.com','baidu.com','2023-04-06 22:40:53',0) 
2023-04-06 22:44:54.255 [DEBU] {7a6845b7af5f531754712b1e00ec36d2} [ 16 ms] [default] [shop] [rows:9  ] SHOW FULL COLUMNS FROM `category_info`
2023-04-06 22:44:54.258 [DEBU] {7a6845b7af5f531754712b1e00ec36d2} [  2 ms] [default] [shop] [rows:1  ] INSERT INTO `category_info`(`sort`,`parent_id`,`name`,`pic_url`,`level`,`updated_at`,`created_at`) VALUES(0,0,'','',0,'2023-04-06 22:44:54','2023-04-06 22:44:54') 
2023-04-06 22:45:44.928 [DEBU] {bae0b783bb5f531728e5257e9f21231e} [ 13 ms] [default] [shop] [rows:9  ] SHOW FULL COLUMNS FROM `category_info`
2023-04-06 22:45:44.931 [DEBU] {bae0b783bb5f531728e5257e9f21231e} [  3 ms] [default] [shop] [rows:1  ] INSERT INTO `category_info`(`parent_id`,`updated_at`,`name`,`pic_url`,`level`,`sort`,`created_at`) VALUES(0,'2023-04-06 22:45:44','','',0,0,'2023-04-06 22:45:44') 
2023-04-06 22:46:29.688 [DEBU] {bfa179efc55f53177bf2d05e4abfa5bc} [ 16 ms] [default] [shop] [rows:9  ] SHOW FULL COLUMNS FROM `category_info`
2023-04-06 22:46:29.691 [DEBU] {bfa179efc55f53177bf2d05e4abfa5bc} [  3 ms] [default] [shop] [rows:1  ] INSERT INTO `category_info`(`parent_id`,`name`,`pic_url`,`level`,`created_at`,`sort`,`updated_at`) VALUES(0,' sajkdhjksa','asdjkasjdklsajldk',2,'2023-04-06 22:46:29',12,'2023-04-06 22:46:29') 
2023-04-06 22:47:45.396 [DEBU] {0f1d2c90d75f53176d0ad44c8303ecc4} [ 14 ms] [default] [shop] [rows:9  ] SHOW FULL COLUMNS FROM `category_info`
2023-04-06 22:47:45.399 [DEBU] {0f1d2c90d75f53176d0ad44c8303ecc4} [  3 ms] [default] [shop] [rows:1  ] INSERT INTO `category_info`(`parent_id`,`name`,`pic_url`,`sort`,`updated_at`,`level`,`created_at`) VALUES(0,' sajkdhjksa','asdjkasjdklsajldk',12,'2023-04-06 22:47:45',2,'2023-04-06 22:47:45') 
2023-04-06 22:47:53.469 [DEBU] {16fc3972d95f53176e0ad44cdbf03b81} [  0 ms] [default] [shop] [rows:0  ] UPDATE `category_info` SET `level`=1,`sort`=1,`parent_id`=1,`name`='sadasd',`pic_url`='sadsads',`updated_at`='2023-04-06 22:47:53' WHERE (`id`=14) AND `deleted_at` IS NULL
2023-04-06 22:48:03.389 [DEBU] {e6c4c6c0db5f53176f0ad44c551936d1} [ 13 ms] [default] [shop] [rows:1  ] UPDATE `category_info` SET `level`=1,`sort`=1,`updated_at`='2023-04-06 22:48:03',`parent_id`=1,`name`='sadasd',`pic_url`='sadsads' WHERE (`id`=20) AND `deleted_at` IS NULL
