2023-04-07 11:44:33.563 [DEBU] {b267d85f3b8a53175d5388640b06ccd4} [  6 ms] [default] [shop] [rows:9  ] SHOW FULL COLUMNS FROM `category_info`
2023-04-07 11:44:33.566 [DEBU] {b267d85f3b8a53175d5388640b06ccd4} [  2 ms] [default] [shop] [rows:9  ] SELECT `id`,`parent_id`,`name`,`pic_url`,`level`,`sort`,`created_at`,`updated_at`,`deleted_at` FROM `category_info` WHERE `deleted_at` IS NULL ORDER BY `sort` DESC LIMIT 0,20
2023-04-07 11:44:33.567 [DEBU] {b267d85f3b8a53175d5388640b06ccd4} [  1 ms] [default] [shop] [rows:1  ] SELECT COUNT(1) FROM `category_info` WHERE `deleted_at` IS NULL
2023-04-07 11:44:33.568 [DEBU] {b267d85f3b8a53175d5388640b06ccd4} [  1 ms] [default] [shop] [rows:9  ] SELECT `id`,`parent_id`,`name`,`pic_url`,`level`,`sort`,`created_at`,`updated_at` FROM `category_info` WHERE `deleted_at` IS NULL ORDER BY `sort` DESC LIMIT 0,20
2023-04-07 11:44:43.273 [DEBU] {b8c304a33d8a53175e538864df1caf95} [  1 ms] [default] [shop] [rows:8  ] SHOW FULL COLUMNS FROM `coupon_info`
2023-04-07 11:44:43.284 [DEBU] {b8c304a33d8a53175e538864df1caf95} [ 11 ms] [default] [shop] [rows:13 ] SELECT `id`,`name`,`price`,`goods_ids`,`category_id`,`created_at`,`updated_at`,`deleted_at` FROM `coupon_info` WHERE `deleted_at` IS NULL ORDER BY `price` DESC LIMIT 0,20
2023-04-07 11:44:43.285 [DEBU] {b8c304a33d8a53175e538864df1caf95} [  0 ms] [default] [shop] [rows:1  ] SELECT COUNT(1) FROM `coupon_info` WHERE `deleted_at` IS NULL
2023-04-07 11:44:43.286 [DEBU] {b8c304a33d8a53175e538864df1caf95} [  0 ms] [default] [shop] [rows:13 ] SELECT `id`,`name`,`price`,`goods_ids`,`category_id`,`created_at`,`updated_at` FROM `coupon_info` WHERE `deleted_at` IS NULL ORDER BY `price` DESC LIMIT 0,20
2023-04-07 11:46:33.881 [DEBU] {fe08ce62578a53175f538864f1adf2ba} [ 17 ms] [default] [shop] [rows:1  ] INSERT INTO `coupon_info`(`goods_ids`,`updated_at`,`price`,`created_at`,`category_id`,`name`) VALUES('2,3,4','2023-04-07 11:46:33',688,'2023-04-07 11:46:33',1,'百亿补贴') 
2023-04-07 11:47:27.047 [DEBU] {326383c4638a5317615388641a6f0235} [  4 ms] [default] [shop] [rows:0  ] UPDATE `coupon_info` SET `updated_at`='2023-04-07 11:47:27',`goods_ids`='8,9',`name`='拼多多百亿补贴',`price`=9999,`category_id`=1 WHERE (`id`=15) AND `deleted_at` IS NULL
2023-04-07 11:47:42.817 [DEBU] {6830a970678a5317625388642abdbd81} [  1 ms] [default] [shop] [rows:0  ] UPDATE `coupon_info` SET `name`='拼多多百亿补贴',`price`=9999,`category_id`=1,`updated_at`='2023-04-07 11:47:42',`goods_ids`='8,9' WHERE (`id`=15) AND `deleted_at` IS NULL
2023-04-07 11:48:03.942 [DEBU] {7ecee65a6c8a531763538864a761066d} [ 16 ms] [default] [shop] [rows:1  ] UPDATE `coupon_info` SET `name`='拼多多百亿补贴',`price`=9999,`goods_ids`='8,9',`category_id`=1,`updated_at`='2023-04-07 11:48:03' WHERE (`id`=14) AND `deleted_at` IS NULL
2023-04-07 12:11:46.264 [DEBU] {6867fe83b78b53174ec8b26c5410adcd} [ 14 ms] [default] [shop] [rows:7  ] SHOW FULL COLUMNS FROM `user_coupon_info`
2023-04-07 12:11:46.267 [DEBU] {6867fe83b78b53174ec8b26c5410adcd} [  3 ms] [default] [shop] [rows:1  ] INSERT INTO `user_coupon_info`(`updated_at`,`coupon_id`,`status`,`created_at`,`user_id`) VALUES('2023-04-07 12:11:46',2,0,'2023-04-07 12:11:46',18) 
2023-04-07 12:12:26.423 [DEBU] {8c2fbaddc08b53174fc8b26ccf4a74e2} [ 13 ms] [default] [shop] [rows:3  ] SELECT `id`,`user_id`,`coupon_id`,`status`,`created_at`,`updated_at`,`deleted_at` FROM `user_coupon_info` WHERE `deleted_at` IS NULL LIMIT 0,20
2023-04-07 12:12:26.425 [DEBU] {8c2fbaddc08b53174fc8b26ccf4a74e2} [  1 ms] [default] [shop] [rows:1  ] SELECT COUNT(1) FROM `user_coupon_info` WHERE `deleted_at` IS NULL
2023-04-07 12:12:26.426 [DEBU] {8c2fbaddc08b53174fc8b26ccf4a74e2} [  1 ms] [default] [shop] [rows:3  ] SELECT `id`,`user_id`,`coupon_id`,`status`,`created_at`,`updated_at` FROM `user_coupon_info` WHERE `deleted_at` IS NULL LIMIT 0,20
2023-04-07 12:13:01.775 [DEBU] {0b60b218c98b531750c8b26c7fe0ef37} [ 16 ms] [default] [shop] [rows:1  ] UPDATE `user_coupon_info` SET `updated_at`='2023-04-07 12:13:01',`user_id`=18,`coupon_id`=2,`status`=1 WHERE (`id`=2) AND `deleted_at` IS NULL
2023-04-07 12:13:20.398 [DEBU] {bb9eff6ecd8b531751c8b26c39b7ddaf} [ 12 ms] [default] [shop] [rows:1  ] INSERT INTO `user_coupon_info`(`status`,`created_at`,`user_id`,`updated_at`,`coupon_id`) VALUES(0,'2023-04-07 12:13:20',18,'2023-04-07 12:13:20',20) 
2023-04-07 12:13:23.707 [DEBU] {6efb3834ce8b531752c8b26c276ee16f} [ 12 ms] [default] [shop] [rows:1  ] INSERT INTO `user_coupon_info`(`coupon_id`,`status`,`created_at`,`user_id`,`updated_at`) VALUES(202,0,'2023-04-07 12:13:23',18,'2023-04-07 12:13:23') 
2023-04-07 12:13:33.167 [DEBU] {88a00768d08b531753c8b26c9f1dad7a} [ 13 ms] [default] [shop] [rows:5  ] SELECT `id`,`user_id`,`coupon_id`,`status`,`created_at`,`updated_at`,`deleted_at` FROM `user_coupon_info` WHERE `deleted_at` IS NULL LIMIT 0,20
2023-04-07 12:13:33.168 [DEBU] {88a00768d08b531753c8b26c9f1dad7a} [  1 ms] [default] [shop] [rows:1  ] SELECT COUNT(1) FROM `user_coupon_info` WHERE `deleted_at` IS NULL
2023-04-07 12:13:33.169 [DEBU] {88a00768d08b531753c8b26c9f1dad7a} [  1 ms] [default] [shop] [rows:5  ] SELECT `id`,`user_id`,`coupon_id`,`status`,`created_at`,`updated_at` FROM `user_coupon_info` WHERE `deleted_at` IS NULL LIMIT 0,20
