2023-03-29 12:09:06.771 [DEBU] {bc175e4659c85017c5c00144980c1198} [  3 ms] [default] [shop] [rows:8  ] SHOW FULL COLUMNS FROM `admin_info`
2023-03-29 12:09:06.776 [DEBU] {bc175e4659c85017c5c00144980c1198} [  3 ms] [default] [shop] [rows:1  ] INSERT INTO `admin_info`(`password`,`role_ids`,`created_at`,`is_admin`,`name`,`user_salt`,`updated_at`) VALUES('ab589894043e4c0664650ebb2d9f874f','234','2023-03-29 12:09:06',1,'zknbnbdnb','P10bF059Ri','2023-03-29 12:09:06') 
2023-03-29 12:09:19.549 [ERRO] {1ed426405cc85017c6c00144b68306e2} [  0 ms] [default] [shop] [rows:0  ] SELECT `id`,`name`,`password`,`role_ids`,`created_at`,`updated_at`,`user_salt`,`is_admin` FROM `admin_info` WHERE `username`='zknbnbdnb' LIMIT 1
Error: Error 1054: Unknown column 'username' in 'where clause'
Stack:
1.  goframe-shop/internal/logic/login.(*sLogin).Login
    /home/zk/Go_project/goframe-shop/internal/logic/login/login.go:26
2.  goframe-shop/internal/controller.(*cLogin).Login
    /home/zk/Go_project/goframe-shop/internal/controller/login.go:17
3.  goframe-shop/internal/logic/middleware.(*sMiddleware).ResponseHandler
    /home/zk/Go_project/goframe-shop/internal/logic/middleware/middleware.go:29
4.  goframe-shop/internal/logic/middleware.(*sMiddleware).Ctx
    /home/zk/Go_project/goframe-shop/internal/logic/middleware/middleware.go:84

2023-03-29 12:09:43.750 [ERRO] {52c59ce261c85017c7c00144a43a9eed} [  1 ms] [default] [shop] [rows:0  ] SELECT `id`,`name`,`password`,`role_ids`,`created_at`,`updated_at`,`user_salt`,`is_admin` FROM `admin_info` WHERE `username`='zknbnbdnb' LIMIT 1
Error: Error 1054: Unknown column 'username' in 'where clause'
Stack:
1.  goframe-shop/internal/logic/login.(*sLogin).Login
    /home/zk/Go_project/goframe-shop/internal/logic/login/login.go:26
2.  goframe-shop/internal/controller.(*cLogin).Login
    /home/zk/Go_project/goframe-shop/internal/controller/login.go:17
3.  goframe-shop/internal/logic/middleware.(*sMiddleware).ResponseHandler
    /home/zk/Go_project/goframe-shop/internal/logic/middleware/middleware.go:29
4.  goframe-shop/internal/logic/middleware.(*sMiddleware).Ctx
    /home/zk/Go_project/goframe-shop/internal/logic/middleware/middleware.go:84

2023-03-29 12:09:57.017 [ERRO] {8c6f6ff964c85017c8c00144243a5ddc} [  0 ms] [default] [shop] [rows:0  ] SELECT `id`,`name`,`password`,`role_ids`,`created_at`,`updated_at`,`user_salt`,`is_admin` FROM `admin_info` WHERE `username`='李四' LIMIT 1
Error: Error 1054: Unknown column 'username' in 'where clause'
Stack:
1.  goframe-shop/internal/logic/login.(*sLogin).Login
    /home/zk/Go_project/goframe-shop/internal/logic/login/login.go:26
2.  goframe-shop/internal/controller.(*cLogin).Login
    /home/zk/Go_project/goframe-shop/internal/controller/login.go:17
3.  goframe-shop/internal/logic/middleware.(*sMiddleware).ResponseHandler
    /home/zk/Go_project/goframe-shop/internal/logic/middleware/middleware.go:29
4.  goframe-shop/internal/logic/middleware.(*sMiddleware).Ctx
    /home/zk/Go_project/goframe-shop/internal/logic/middleware/middleware.go:84

2023-03-29 12:10:57.191 [DEBU] {df5ff4fb72c85017402bab05f734f74c} [  2 ms] [default] [shop] [rows:8  ] SHOW FULL COLUMNS FROM `admin_info`
2023-03-29 12:10:57.192 [DEBU] {df5ff4fb72c85017402bab05f734f74c} [  0 ms] [default] [shop] [rows:1  ] SELECT `id`,`name`,`password`,`role_ids`,`created_at`,`updated_at`,`user_salt`,`is_admin` FROM `admin_info` WHERE `name`='zknbnbdnb' LIMIT 1
2023-03-29 12:11:03.567 [DEBU] {0c49147874c85017412bab05cde1ce9f} [  1 ms] [default] [shop] [rows:1  ] SELECT `id`,`name`,`password`,`role_ids`,`created_at`,`updated_at`,`user_salt`,`is_admin` FROM `admin_info` WHERE `name`='zknbnbdnb' LIMIT 1
2023-03-29 12:11:09.380 [DEBU] {407ca5d275c85017422bab05ccdc4610} [  0 ms] [default] [shop] [rows:1  ] SELECT `id`,`name`,`password`,`role_ids`,`created_at`,`updated_at`,`user_salt`,`is_admin` FROM `admin_info` WHERE `name`='zknbnbdnb' LIMIT 1
2023-03-29 12:12:09.944 [DEBU] {5a6658ec83c85017c7313858ba0f30f5} [  2 ms] [default] [shop] [rows:8  ] SHOW FULL COLUMNS FROM `admin_info`
2023-03-29 12:12:09.945 [DEBU] {5a6658ec83c85017c7313858ba0f30f5} [  1 ms] [default] [shop] [rows:1  ] SELECT `id`,`name`,`password`,`role_ids`,`created_at`,`updated_at`,`user_salt`,`is_admin` FROM `admin_info` WHERE `name`='zknbnbdnb' LIMIT 1
2023-03-29 12:12:18.942 [DEBU] {9142cd0486c85017c8313858bc4b6aa8} [  1 ms] [default] [shop] [rows:1  ] SELECT `id`,`name`,`password`,`role_ids`,`created_at`,`updated_at`,`user_salt`,`is_admin` FROM `admin_info` WHERE `name`='zknbnbdnb' LIMIT 1
2023-03-29 12:12:22.522 [DEBU] {334c37da86c85017c93138586e59ebbc} [  1 ms] [default] [shop] [rows:1  ] SELECT `id`,`name`,`password`,`role_ids`,`created_at`,`updated_at`,`user_salt`,`is_admin` FROM `admin_info` WHERE `name`='zknbnbdnb' LIMIT 1
2023-03-29 22:00:03.314 [DEBU] {814c46a498e85017ff1090309cdb40e3} [ 16 ms] [default] [shop] [rows:8  ] SHOW FULL COLUMNS FROM `admin_info`
2023-03-29 22:00:03.317 [DEBU] {814c46a498e85017ff1090309cdb40e3} [  3 ms] [default] [shop] [rows:1  ] SELECT `id`,`name`,`password`,`role_ids`,`created_at`,`updated_at`,`user_salt`,`is_admin` FROM `admin_info` WHERE `name`='zknbnbdnb' LIMIT 1
2023-03-29 22:06:24.710 [DEBU] {6d191771f1e85017b63bb67d7fdafe03} [ 19 ms] [default] [shop] [rows:8  ] SHOW FULL COLUMNS FROM `admin_info`
2023-03-29 22:06:24.712 [DEBU] {6d191771f1e85017b63bb67d7fdafe03} [  1 ms] [default] [shop] [rows:1  ] SELECT `id`,`name`,`password`,`role_ids`,`created_at`,`updated_at`,`user_salt`,`is_admin` FROM `admin_info` WHERE `name`='zknbnbdnb' LIMIT 1
