2023-04-03 00:02:21.763 [DEBU] {03b6538797295217a931dc4dd871b026} [ 14 ms] [default] [shop] [rows:9  ] SHOW FULL COLUMNS FROM `admin_info`
2023-04-03 00:02:21.765 [DEBU] {45d4378897295217aa31dc4d2937e1d8} [  1 ms] [default] [shop] [rows:1  ] SELECT `id`,`name`,`password`,`role_ids`,`created_at`,`updated_at`,`deleted_at`,`user_salt`,`is_admin` FROM `admin_info` WHERE (`name`='zknbnbdnb') AND `deleted_at` IS NULL LIMIT 1
2023-04-03 00:03:19.435 [DEBU] {d25fdcf4a4295217dc43852b3bc3a857} [ 13 ms] [default] [shop] [rows:9  ] SHOW FULL COLUMNS FROM `admin_info`
2023-04-03 00:03:19.436 [DEBU] {7640aff5a4295217dd43852bc9a28184} [  1 ms] [default] [shop] [rows:1  ] SELECT `id`,`name`,`password`,`role_ids`,`created_at`,`updated_at`,`deleted_at`,`user_salt`,`is_admin` FROM `admin_info` WHERE (`name`='zknbnbdnb') AND `deleted_at` IS NULL LIMIT 1
2023-04-03 00:11:16.422 [DEBU] {d9778003142a5217adc6901ea624e4cd} [ 13 ms] [default] [shop] [rows:9  ] SHOW FULL COLUMNS FROM `admin_info`
2023-04-03 00:11:16.423 [DEBU] {f21b5204142a5217aec6901e2d2c7e90} [  1 ms] [default] [shop] [rows:1  ] SELECT `id`,`name`,`password`,`role_ids`,`created_at`,`updated_at`,`deleted_at`,`user_salt`,`is_admin` FROM `admin_info` WHERE (`name`='zknbnbdnb') AND `deleted_at` IS NULL LIMIT 1
2023-04-03 00:11:16.424 [DEBU] {c22c6404142a5217afc6901e00a7835f} [  1 ms] [default] [shop] [rows:1  ] SELECT `id`,`name`,`password`,`role_ids`,`created_at`,`updated_at`,`deleted_at`,`user_salt`,`is_admin` FROM `admin_info` WHERE (`id`='17') AND `deleted_at` IS NULL LIMIT 1
2023-04-03 00:11:16.426 [DEBU] {629a7204142a5217b0c6901ef5818a75} [  2 ms] [default] [shop] [rows:5  ] SHOW FULL COLUMNS FROM `role_permission_info`
2023-04-03 00:11:16.428 [DEBU] {82258e04142a5217b1c6901e37f1f1d2} [  2 ms] [default] [shop] [rows:0  ] SELECT `id`,`role_id`,`permission_id`,`created_at`,`updated_at` FROM `role_permission_info` WHERE `role_id` IN ('234')
2023-04-03 00:11:16.430 [DEBU] {4023ad04142a5217b2c6901e88d9c7e4} [  2 ms] [default] [shop] [rows:6  ] SHOW FULL COLUMNS FROM `permission_info`
2023-04-03 00:11:16.432 [DEBU] {4e53ce04142a5217b3c6901e355ae9af} [  2 ms] [default] [shop] [rows:0  ] SELECT `id`,`name`,`path`,`created_at`,`updated_at`,`deleted_at` FROM `permission_info` WHERE (0=1) AND `deleted_at` IS NULL
2023-04-03 00:14:21.441 [DEBU] {1ee60c183f2a5217ffab521fe0a633c8} [  4 ms] [default] [shop] [rows:9  ] SHOW FULL COLUMNS FROM `admin_info`
2023-04-03 00:14:21.442 [DEBU] {ac0f4f183f2a521700ac521fcbc9fe75} [  1 ms] [default] [shop] [rows:1  ] SELECT `id`,`name`,`password`,`role_ids`,`created_at`,`updated_at`,`deleted_at`,`user_salt`,`is_admin` FROM `admin_info` WHERE (`name`='zknbnbdnb') AND `deleted_at` IS NULL LIMIT 1
2023-04-03 00:14:21.443 [DEBU] {34d360183f2a521701ac521f7bb8af6d} [  1 ms] [default] [shop] [rows:1  ] SELECT `id`,`name`,`password`,`role_ids`,`created_at`,`updated_at`,`deleted_at`,`user_salt`,`is_admin` FROM `admin_info` WHERE (`id`='17') AND `deleted_at` IS NULL LIMIT 1
2023-04-03 00:14:21.444 [DEBU] {15dc6b183f2a521702ac521f131b6404} [  1 ms] [default] [shop] [rows:5  ] SHOW FULL COLUMNS FROM `role_permission_info`
2023-04-03 00:14:21.445 [DEBU] {34e081183f2a521703ac521fa4901781} [  0 ms] [default] [shop] [rows:0  ] SELECT `id`,`role_id`,`permission_id`,`created_at`,`updated_at` FROM `role_permission_info` WHERE `role_id` IN ('234')
2023-04-03 00:14:21.446 [DEBU] {2f0d8c183f2a521704ac521fd7dbcd41} [  1 ms] [default] [shop] [rows:6  ] SHOW FULL COLUMNS FROM `permission_info`
2023-04-03 00:14:21.447 [DEBU] {998a9d183f2a521705ac521fa40ce0d2} [  1 ms] [default] [shop] [rows:0  ] SELECT `id`,`name`,`path`,`created_at`,`updated_at`,`deleted_at` FROM `permission_info` WHERE (0=1) AND `deleted_at` IS NULL
2023-04-03 00:18:14.786 [DEBU] {a83cf66b752a5217e2f10c6944854c4d} [ 13 ms] [default] [shop] [rows:9  ] SHOW FULL COLUMNS FROM `admin_info`
2023-04-03 00:18:14.787 [DEBU] {ec6abf6c752a5217e3f10c699e1540ab} [  1 ms] [default] [shop] [rows:1  ] SELECT `id`,`name`,`password`,`role_ids`,`created_at`,`updated_at`,`deleted_at`,`user_salt`,`is_admin` FROM `admin_info` WHERE (`name`='zknbnbdnb') AND `deleted_at` IS NULL LIMIT 1
2023-04-03 00:18:14.788 [DEBU] {7c3bce6c752a5217e4f10c6944caa57d} [  1 ms] [default] [shop] [rows:1  ] SELECT `id`,`name`,`password`,`role_ids`,`created_at`,`updated_at`,`deleted_at`,`user_salt`,`is_admin` FROM `admin_info` WHERE (`id`='17') AND `deleted_at` IS NULL LIMIT 1
2023-04-03 00:18:14.790 [DEBU] {a05fdf6c752a5217e5f10c69190ec808} [  2 ms] [default] [shop] [rows:5  ] SHOW FULL COLUMNS FROM `role_permission_info`
2023-04-03 00:18:14.790 [DEBU] {0738f86c752a5217e6f10c698f8f7806} [  0 ms] [default] [shop] [rows:0  ] SELECT `id`,`role_id`,`permission_id`,`created_at`,`updated_at` FROM `role_permission_info` WHERE `role_id` IN ('234')
2023-04-03 00:18:14.792 [DEBU] {3e5e016d752a5217e7f10c698496a5eb} [  2 ms] [default] [shop] [rows:6  ] SHOW FULL COLUMNS FROM `permission_info`
2023-04-03 00:18:14.793 [DEBU] {64611b6d752a5217e8f10c69236c7dc8} [  1 ms] [default] [shop] [rows:0  ] SELECT `id`,`name`,`path`,`created_at`,`updated_at`,`deleted_at` FROM `permission_info` WHERE (0=1) AND `deleted_at` IS NULL
2023-04-03 11:39:27.648 [DEBU] {9c8c4fe0a14f5217aae7ee6e32b04dbb} [ 14 ms] [default] [shop] [rows:9  ] SHOW FULL COLUMNS FROM `admin_info`
2023-04-03 11:39:27.649 [DEBU] {43352be1a14f5217abe7ee6e12b828fc} [  1 ms] [default] [shop] [rows:1  ] SELECT `id`,`name`,`password`,`role_ids`,`created_at`,`updated_at`,`deleted_at`,`user_salt`,`is_admin` FROM `admin_info` WHERE (`name`='zknbnbdnb') AND `deleted_at` IS NULL LIMIT 1
2023-04-03 11:55:48.748 [DEBU] {ccba064f86505217d0d1b34cb7f78a26} [  4 ms] [default] [shop] [rows:9  ] SHOW FULL COLUMNS FROM `admin_info`
2023-04-03 11:55:48.749 [DEBU] {9a314b4f86505217d1d1b34c2c407928} [  1 ms] [default] [shop] [rows:1  ] SELECT `id`,`name`,`password`,`role_ids`,`created_at`,`updated_at`,`deleted_at`,`user_salt`,`is_admin` FROM `admin_info` WHERE (`name`='zknbnbdnb') AND `deleted_at` IS NULL LIMIT 1
2023-04-03 13:14:02.279 [DEBU] {424db11acb545217a6fa35408354a70a} [ 14 ms] [default] [shop] [rows:9  ] SHOW FULL COLUMNS FROM `admin_info`
2023-04-03 13:14:02.280 [DEBU] {b468881bcb545217a7fa35403d1fdc79} [  1 ms] [default] [shop] [rows:1  ] SELECT `id`,`name`,`password`,`role_ids`,`created_at`,`updated_at`,`deleted_at`,`user_salt`,`is_admin` FROM `admin_info` WHERE (`name`='zknbnbdnb') AND `deleted_at` IS NULL LIMIT 1
2023-04-03 13:14:02.283 [DEBU] {272ab01bcb545217a8fa35404d9375d3} [  1 ms] [default] [shop] [rows:1  ] SELECT `id`,`name`,`password`,`role_ids`,`created_at`,`updated_at`,`deleted_at`,`user_salt`,`is_admin` FROM `admin_info` WHERE (`id`='17') AND `deleted_at` IS NULL LIMIT 1
2023-04-03 13:14:02.284 [DEBU] {4dbdc41bcb545217a9fa354052704f7d} [  1 ms] [default] [shop] [rows:5  ] SHOW FULL COLUMNS FROM `role_permission_info`
2023-04-03 13:14:02.285 [DEBU] {b1f6d81bcb545217aafa354097f9a536} [  1 ms] [default] [shop] [rows:0  ] SELECT `id`,`role_id`,`permission_id`,`created_at`,`updated_at` FROM `role_permission_info` WHERE `role_id` IN ('234')
2023-04-03 13:14:02.286 [DEBU] {7981e31bcb545217abfa35404b7ca827} [  1 ms] [default] [shop] [rows:6  ] SHOW FULL COLUMNS FROM `permission_info`
2023-04-03 13:14:02.287 [DEBU] {50aff51bcb545217acfa3540644582ea} [  1 ms] [default] [shop] [rows:0  ] SELECT `id`,`name`,`path`,`created_at`,`updated_at`,`deleted_at` FROM `permission_info` WHERE (0=1) AND `deleted_at` IS NULL
